<?xml version="1.0" encoding="UTF-8"?>
<!-- Generated by org.testng.reporters.JUnitReportReporter -->
<testsuite skipped="0" hostname="Sogotology-pc" name="runners.LoginRunnerTNG" tests="1" failures="0" timestamp="2022-04-05T16:08:14 CDT" time="105.034" errors="0">
  <testcase name="feature" time="105.034" classname="runners.LoginRunnerTNG"/>
  <system-out/>
</testsuite> <!-- runners.LoginRunnerTNG -->
